2013-06-02 21:54:56,675 - [INFO] - from play in main 
Listening for HTTP on /0:0:0:0:0:0:0:0:9000

2013-06-02 21:55:05,066 - [INFO] - from application in New I/O worker #1 
Application has started

2013-06-02 21:55:05,068 - [DEBUG] - from application in New I/O worker #1 
Entreé dans le constructeur : OrangeClusterManager()

2013-06-02 21:55:05,069 - [DEBUG] - from application in New I/O worker #1 
Entreé dans le constructeur : ClustersDAO()

2013-06-02 21:55:05,242 - [DEBUG] - from application in New I/O worker #1 
[ClusterDAO{id='localhost', label='OrangeCluster local n°1', uri='http://localhost:8091/pools/', loginAdm='Administrator', passwdAdm='Administrator'}, ClusterDAO{id='localhost2', label='OrangeCluster local n°2', uri='http://localhost:8092/pools/', loginAdm='Administrator', passwdAdm='Administrator'}]

2013-06-02 21:55:05,242 - [DEBUG] - from application in New I/O worker #1 
Sortie du constructeur ClustersDAO() avec comme propriétés : ClustersDAO{clusterDAOList=ClusterDAO{id='localhost', label='OrangeCluster local n°1', uri='http://localhost:8091/pools/', loginAdm='Administrator', passwdAdm='Administrator'},ClusterDAO{id='localhost2', label='OrangeCluster local n°2', uri='http://localhost:8092/pools/', loginAdm='Administrator', passwdAdm='Administrator'}}

2013-06-02 21:55:05,244 - [DEBUG] - from application in New I/O worker #1 
Entreé dans le constructeur : OrangeCluster(id : 'localhost', label : 'OrangeCluster local n°1', uri : 'http://localhost:8091/pools/', loginAdm : 'Administrator', passwdAdm : 'Administrator')

2013-06-02 21:55:05,245 - [DEBUG] - from application in New I/O worker #1 
Entreé dans la méthode : setClusterManager()

2013-06-02 21:55:05,509 - [DEBUG] - from application in New I/O worker #1 
Sortie de la méthode : setClusterManager() avec status = connected

2013-06-02 21:55:05,580 - [DEBUG] - from application in New I/O worker #1 
Entreé dans la méthode : getCouchbaseClient(bucketName beer-sample)

2013-06-02 21:55:06,633 - [DEBUG] - from application in New I/O worker #1 
Sortie de la méthode : getCouchbaseClient() avec status = connected

2013-06-02 21:55:06,700 - [DEBUG] - from application in New I/O worker #1 
Contenu du Design Document : {"language":"javascript","views":{"all_documents":{"map":"function (doc, meta) {\n  emit(meta.id, doc);\n}"}}}

2013-06-02 21:55:06,700 - [DEBUG] - from application in New I/O worker #1 
Entreé dans la méthode : getCouchbaseClient(bucketName default)

2013-06-02 21:55:06,857 - [DEBUG] - from application in New I/O worker #1 
Sortie de la méthode : getCouchbaseClient() avec status = connected

2013-06-02 21:55:06,864 - [DEBUG] - from application in New I/O worker #1 
Contenu du Design Document : {"language":"javascript","views":{"all_keys":{"map":"function (doc, meta) {\n  emit(meta.id, null);\n}"}}}

2013-06-02 21:55:06,864 - [DEBUG] - from application in New I/O worker #1 
Sortie du constructeur : OrangeCluster(String id, String label, String uri, String loginAdm, String passwdAdm) avec comme propriétés : OrangeCluster{bucketMap={default=models.OrangeBucket@4a3fa, beer-sample=models.OrangeBucket@a98388}, id='localhost', label='OrangeCluster local n°1', loginAdm='Administrator', passwdAdm='Administrator', status='connected', uriList=[http://localhost:8091/pools/], clusterManager=com.couchbase.client.ClusterManager@fa8645}

2013-06-02 21:55:06,864 - [DEBUG] - from application in New I/O worker #1 
Entreé dans le constructeur : OrangeCluster(id : 'localhost2', label : 'OrangeCluster local n°2', uri : 'http://localhost:8092/pools/', loginAdm : 'Administrator', passwdAdm : 'Administrator')

2013-06-02 21:55:06,864 - [DEBUG] - from application in New I/O worker #1 
Entreé dans la méthode : setClusterManager()

2013-06-02 21:55:06,867 - [ERROR] - from application in New I/O worker #1 
class java.lang.RuntimeException : Http Error: 404 Reason: Object Not Found Details: No reason given

2013-06-02 21:55:06,868 - [DEBUG] - from application in New I/O worker #1 
Sortie de la méthode : setClusterManager() avec status = notConnected

2013-06-02 21:55:06,868 - [DEBUG] - from application in New I/O worker #1 
Sortie du constructeur : OrangeCluster(String id, String label, String uri, String loginAdm, String passwdAdm) avec comme propriétés : OrangeCluster{bucketMap={}, id='localhost2', label='OrangeCluster local n°2', loginAdm='Administrator', passwdAdm='Administrator', status='notConnected', uriList=[http://localhost:8092/pools/], clusterManager=null}

2013-06-02 21:55:06,868 - [DEBUG] - from application in New I/O worker #1 
Sortie du constructeur OrangeClusterManager() avec comme propriétés : OrangeClusterManager{clusterMap={localhost2=OrangeCluster{bucketMap={}, id='localhost2', label='OrangeCluster local n°2', loginAdm='Administrator', passwdAdm='Administrator', status='notConnected', uriList=[http://localhost:8092/pools/], clusterManager=null}, localhost=OrangeCluster{bucketMap={default=models.OrangeBucket@4a3fa, beer-sample=models.OrangeBucket@a98388}, id='localhost', label='OrangeCluster local n°1', loginAdm='Administrator', passwdAdm='Administrator', status='connected', uriList=[http://localhost:8091/pools/], clusterManager=com.couchbase.client.ClusterManager@fa8645}}}

2013-06-02 21:55:06,879 - [INFO] - from play in New I/O worker #1 
Application started (Dev)

2013-06-02 21:55:13,454 - [DEBUG] - from application in play-akka.actor.default-dispatcher-8 
OrangeClusterManager{clusterMap={localhost2=OrangeCluster{bucketMap={}, id='localhost2', label='OrangeCluster local n°2', loginAdm='Administrator', passwdAdm='Administrator', status='notConnected', uriList=[http://localhost:8092/pools/], clusterManager=null}, localhost=OrangeCluster{bucketMap={default=models.OrangeBucket@4a3fa, beer-sample=models.OrangeBucket@a98388}, id='localhost', label='OrangeCluster local n°1', loginAdm='Administrator', passwdAdm='Administrator', status='connected', uriList=[http://localhost:8091/pools/], clusterManager=com.couchbase.client.ClusterManager@fa8645}}}

2013-06-02 21:59:09,584 - [DEBUG] - from application in play-akka.actor.default-dispatcher-4 
OrangeClusterManager{clusterMap={localhost2=OrangeCluster{bucketMap={}, id='localhost2', label='OrangeCluster local n°2', loginAdm='Administrator', passwdAdm='Administrator', status='notConnected', uriList=[http://localhost:8092/pools/], clusterManager=null}, localhost=OrangeCluster{bucketMap={default=models.OrangeBucket@4a3fa, beer-sample=models.OrangeBucket@a98388}, id='localhost', label='OrangeCluster local n°1', loginAdm='Administrator', passwdAdm='Administrator', status='connected', uriList=[http://localhost:8091/pools/], clusterManager=com.couchbase.client.ClusterManager@fa8645}}}

2013-06-02 22:00:20,517 - [DEBUG] - from application in play-akka.actor.default-dispatcher-12 
OrangeClusterManager{clusterMap={localhost2=OrangeCluster{bucketMap={}, id='localhost2', label='OrangeCluster local n°2', loginAdm='Administrator', passwdAdm='Administrator', status='notConnected', uriList=[http://localhost:8092/pools/], clusterManager=null}, localhost=OrangeCluster{bucketMap={default=models.OrangeBucket@4a3fa, beer-sample=models.OrangeBucket@a98388}, id='localhost', label='OrangeCluster local n°1', loginAdm='Administrator', passwdAdm='Administrator', status='connected', uriList=[http://localhost:8091/pools/], clusterManager=com.couchbase.client.ClusterManager@fa8645}}}

2013-06-02 22:03:16,568 - [ERROR] - from application in New I/O worker #2 


! @6efdg93a7 - Internal server error, for (GET) [/contextViewer] ->

sbt.PlayExceptions$CompilationException: Compilation error[value get is not a member of models.OrangeBucket]
	at sbt.PlayReloader$$anon$2$$anonfun$reload$2$$anonfun$apply$15$$anonfun$apply$16.apply(PlayReloader.scala:349) ~[na:na]
	at sbt.PlayReloader$$anon$2$$anonfun$reload$2$$anonfun$apply$15$$anonfun$apply$16.apply(PlayReloader.scala:349) ~[na:na]
	at scala.Option.map(Option.scala:133) ~[scala-library.jar:na]
	at sbt.PlayReloader$$anon$2$$anonfun$reload$2$$anonfun$apply$15.apply(PlayReloader.scala:349) ~[na:na]
	at sbt.PlayReloader$$anon$2$$anonfun$reload$2$$anonfun$apply$15.apply(PlayReloader.scala:346) ~[na:na]
	at scala.Option.map(Option.scala:133) ~[scala-library.jar:na]
	at sbt.PlayReloader$$anon$2$$anonfun$reload$2.apply(PlayReloader.scala:346) ~[na:na]
	at sbt.PlayReloader$$anon$2$$anonfun$reload$2.apply(PlayReloader.scala:344) ~[na:na]
	at scala.Either$LeftProjection.map(Either.scala:374) ~[na:na]
	at sbt.PlayReloader$$anon$2.reload(PlayReloader.scala:344) ~[na:na]
	at play.core.ReloadableApplication.get(ApplicationProvider.scala:98) ~[play_2.10.jar:2.1.1]
	at play.core.server.Server$class.sendHandler$1(Server.scala:56) [play_2.10.jar:2.1.1]
	at play.core.server.Server$$anonfun$getHandlerFor$4.apply(Server.scala:88) [play_2.10.jar:2.1.1]
	at play.core.server.Server$$anonfun$getHandlerFor$4.apply(Server.scala:87) [play_2.10.jar:2.1.1]
	at scala.util.Either$RightProjection.flatMap(Either.scala:523) [scala-library.jar:na]
	at play.core.server.Server$class.getHandlerFor(Server.scala:87) [play_2.10.jar:2.1.1]
	at play.core.server.NettyServer.getHandlerFor(NettyServer.scala:34) [play_2.10.jar:2.1.1]
	at play.core.server.netty.PlayDefaultUpstreamHandler$$anonfun$6.apply(PlayDefaultUpstreamHandler.scala:115) [play_2.10.jar:2.1.1]
	at play.core.server.netty.PlayDefaultUpstreamHandler$$anonfun$6.apply(PlayDefaultUpstreamHandler.scala:115) [play_2.10.jar:2.1.1]
	at scala.util.Either.fold(Either.scala:98) [scala-library.jar:na]
	at play.core.server.netty.PlayDefaultUpstreamHandler.messageReceived(PlayDefaultUpstreamHandler.scala:109) [play_2.10.jar:2.1.1]
	at org.jboss.netty.channel.SimpleChannelUpstreamHandler.handleUpstream(SimpleChannelUpstreamHandler.java:70) [netty.jar:na]
	at org.jboss.netty.channel.DefaultChannelPipeline.sendUpstream(DefaultChannelPipeline.java:560) [netty.jar:na]
	at org.jboss.netty.channel.DefaultChannelPipeline$DefaultChannelHandlerContext.sendUpstream(DefaultChannelPipeline.java:787) [netty.jar:na]
	at org.jboss.netty.handler.codec.http.HttpContentDecoder.messageReceived(HttpContentDecoder.java:108) [netty.jar:na]
	at org.jboss.netty.channel.SimpleChannelUpstreamHandler.handleUpstream(SimpleChannelUpstreamHandler.java:70) [netty.jar:na]
	at org.jboss.netty.channel.DefaultChannelPipeline.sendUpstream(DefaultChannelPipeline.java:560) [netty.jar:na]
	at org.jboss.netty.channel.DefaultChannelPipeline$DefaultChannelHandlerContext.sendUpstream(DefaultChannelPipeline.java:787) [netty.jar:na]
	at org.jboss.netty.channel.Channels.fireMessageReceived(Channels.java:296) [netty.jar:na]
	at org.jboss.netty.handler.codec.frame.FrameDecoder.unfoldAndFireMessageReceived(FrameDecoder.java:459) [netty.jar:na]
	at org.jboss.netty.handler.codec.replay.ReplayingDecoder.callDecode(ReplayingDecoder.java:536) [netty.jar:na]
	at org.jboss.netty.handler.codec.replay.ReplayingDecoder.messageReceived(ReplayingDecoder.java:435) [netty.jar:na]
	at org.jboss.netty.channel.SimpleChannelUpstreamHandler.handleUpstream(SimpleChannelUpstreamHandler.java:70) [netty.jar:na]
	at org.jboss.netty.channel.DefaultChannelPipeline.sendUpstream(DefaultChannelPipeline.java:560) [netty.jar:na]
	at org.jboss.netty.channel.DefaultChannelPipeline.sendUpstream(DefaultChannelPipeline.java:555) [netty.jar:na]
	at org.jboss.netty.channel.Channels.fireMessageReceived(Channels.java:268) [netty.jar:na]
	at org.jboss.netty.channel.Channels.fireMessageReceived(Channels.java:255) [netty.jar:na]
	at org.jboss.netty.channel.socket.nio.NioWorker.read(NioWorker.java:88) [netty.jar:na]
	at org.jboss.netty.channel.socket.nio.AbstractNioWorker.process(AbstractNioWorker.java:107) [netty.jar:na]
	at org.jboss.netty.channel.socket.nio.AbstractNioSelector.run(AbstractNioSelector.java:312) [netty.jar:na]
	at org.jboss.netty.channel.socket.nio.AbstractNioWorker.run(AbstractNioWorker.java:88) [netty.jar:na]
	at org.jboss.netty.channel.socket.nio.NioWorker.run(NioWorker.java:178) [netty.jar:na]
	at org.jboss.netty.util.ThreadRenamingRunnable.run(ThreadRenamingRunnable.java:108) [netty.jar:na]
	at org.jboss.netty.util.internal.DeadLockProofWorker$1.run(DeadLockProofWorker.java:42) [netty.jar:na]
	at java.util.concurrent.ThreadPoolExecutor.runWorker(ThreadPoolExecutor.java:1145) [na:1.7.0_21]
	at java.util.concurrent.ThreadPoolExecutor$Worker.run(ThreadPoolExecutor.java:615) [na:1.7.0_21]
	at java.lang.Thread.run(Thread.java:722) [na:1.7.0_21]

2013-06-02 22:04:02,347 - [INFO] - from application in New I/O worker #2 
Application shutdown...

2013-06-02 22:04:02,542 - [INFO] - from application in New I/O worker #2 
Application has started

2013-06-02 22:04:02,545 - [DEBUG] - from application in New I/O worker #2 
Entreé dans le constructeur : OrangeClusterManager()

2013-06-02 22:04:02,546 - [DEBUG] - from application in New I/O worker #2 
Entreé dans le constructeur : ClustersDAO()

2013-06-02 22:04:02,552 - [DEBUG] - from application in New I/O worker #2 
[ClusterDAO{id='localhost', label='OrangeCluster local n°1', uri='http://localhost:8091/pools/', loginAdm='Administrator', passwdAdm='Administrator'}, ClusterDAO{id='localhost2', label='OrangeCluster local n°2', uri='http://localhost:8092/pools/', loginAdm='Administrator', passwdAdm='Administrator'}]

2013-06-02 22:04:02,553 - [DEBUG] - from application in New I/O worker #2 
Sortie du constructeur ClustersDAO() avec comme propriétés : ClustersDAO{clusterDAOList=ClusterDAO{id='localhost', label='OrangeCluster local n°1', uri='http://localhost:8091/pools/', loginAdm='Administrator', passwdAdm='Administrator'},ClusterDAO{id='localhost2', label='OrangeCluster local n°2', uri='http://localhost:8092/pools/', loginAdm='Administrator', passwdAdm='Administrator'}}

2013-06-02 22:04:02,556 - [DEBUG] - from application in New I/O worker #2 
Entreé dans le constructeur : OrangeCluster(id : 'localhost', label : 'OrangeCluster local n°1', uri : 'http://localhost:8091/pools/', loginAdm : 'Administrator', passwdAdm : 'Administrator')

2013-06-02 22:04:02,557 - [DEBUG] - from application in New I/O worker #2 
Entreé dans la méthode : setClusterManager()

2013-06-02 22:04:02,598 - [DEBUG] - from application in New I/O worker #2 
Sortie de la méthode : setClusterManager() avec status = connected

2013-06-02 22:04:02,673 - [DEBUG] - from application in New I/O worker #2 
Entreé dans la méthode : getCouchbaseClient(bucketName beer-sample)

2013-06-02 22:04:02,940 - [DEBUG] - from application in New I/O worker #2 
Sortie de la méthode : getCouchbaseClient() avec status = connected

2013-06-02 22:04:02,957 - [DEBUG] - from application in New I/O worker #2 
Contenu du Design Document : {"language":"javascript","views":{"all_documents":{"map":"function (doc, meta) {\n  emit(meta.id, doc);\n}"}}}

2013-06-02 22:04:02,958 - [DEBUG] - from application in New I/O worker #2 
Entreé dans la méthode : getCouchbaseClient(bucketName default)

2013-06-02 22:04:03,165 - [DEBUG] - from application in New I/O worker #2 
Sortie de la méthode : getCouchbaseClient() avec status = connected

2013-06-02 22:04:03,177 - [DEBUG] - from application in New I/O worker #2 
Contenu du Design Document : {"language":"javascript","views":{"all_keys":{"map":"function (doc, meta) {\n  emit(meta.id, null);\n}"}}}

2013-06-02 22:04:03,178 - [DEBUG] - from application in New I/O worker #2 
Sortie du constructeur : OrangeCluster(String id, String label, String uri, String loginAdm, String passwdAdm) avec comme propriétés : OrangeCluster{bucketMap={default=models.OrangeBucket@bb575f, beer-sample=models.OrangeBucket@1653a0b}, id='localhost', label='OrangeCluster local n°1', loginAdm='Administrator', passwdAdm='Administrator', status='connected', uriList=[http://localhost:8091/pools/], clusterManager=com.couchbase.client.ClusterManager@c5cbc4}

2013-06-02 22:04:03,178 - [DEBUG] - from application in New I/O worker #2 
Entreé dans le constructeur : OrangeCluster(id : 'localhost2', label : 'OrangeCluster local n°2', uri : 'http://localhost:8092/pools/', loginAdm : 'Administrator', passwdAdm : 'Administrator')

2013-06-02 22:04:03,178 - [DEBUG] - from application in New I/O worker #2 
Entreé dans la méthode : setClusterManager()

2013-06-02 22:04:03,182 - [ERROR] - from application in New I/O worker #2 
class java.lang.RuntimeException : Http Error: 404 Reason: Object Not Found Details: No reason given

2013-06-02 22:04:03,182 - [DEBUG] - from application in New I/O worker #2 
Sortie de la méthode : setClusterManager() avec status = notConnected

2013-06-02 22:04:03,183 - [DEBUG] - from application in New I/O worker #2 
Sortie du constructeur : OrangeCluster(String id, String label, String uri, String loginAdm, String passwdAdm) avec comme propriétés : OrangeCluster{bucketMap={}, id='localhost2', label='OrangeCluster local n°2', loginAdm='Administrator', passwdAdm='Administrator', status='notConnected', uriList=[http://localhost:8092/pools/], clusterManager=null}

2013-06-02 22:04:03,183 - [DEBUG] - from application in New I/O worker #2 
Sortie du constructeur OrangeClusterManager() avec comme propriétés : OrangeClusterManager{clusterMap={localhost2=OrangeCluster{bucketMap={}, id='localhost2', label='OrangeCluster local n°2', loginAdm='Administrator', passwdAdm='Administrator', status='notConnected', uriList=[http://localhost:8092/pools/], clusterManager=null}, localhost=OrangeCluster{bucketMap={default=models.OrangeBucket@bb575f, beer-sample=models.OrangeBucket@1653a0b}, id='localhost', label='OrangeCluster local n°1', loginAdm='Administrator', passwdAdm='Administrator', status='connected', uriList=[http://localhost:8091/pools/], clusterManager=com.couchbase.client.ClusterManager@c5cbc4}}}

2013-06-02 22:04:03,184 - [INFO] - from play in New I/O worker #2 
Application started (Dev)

2013-06-02 22:04:03,207 - [DEBUG] - from application in play-akka.actor.default-dispatcher-12 
OrangeClusterManager{clusterMap={localhost2=OrangeCluster{bucketMap={}, id='localhost2', label='OrangeCluster local n°2', loginAdm='Administrator', passwdAdm='Administrator', status='notConnected', uriList=[http://localhost:8092/pools/], clusterManager=null}, localhost=OrangeCluster{bucketMap={default=models.OrangeBucket@bb575f, beer-sample=models.OrangeBucket@1653a0b}, id='localhost', label='OrangeCluster local n°1', loginAdm='Administrator', passwdAdm='Administrator', status='connected', uriList=[http://localhost:8091/pools/], clusterManager=com.couchbase.client.ClusterManager@c5cbc4}}}

2013-06-02 22:10:58,130 - [INFO] - from application in New I/O worker #5 
Application shutdown...

2013-06-02 22:10:58,222 - [INFO] - from application in New I/O worker #5 
Application has started

2013-06-02 22:10:58,225 - [DEBUG] - from application in New I/O worker #5 
Entreé dans le constructeur : OrangeClusterManager()

2013-06-02 22:10:58,226 - [DEBUG] - from application in New I/O worker #5 
Entreé dans le constructeur : ClustersDAO()

2013-06-02 22:10:58,229 - [DEBUG] - from application in New I/O worker #5 
[ClusterDAO{id='localhost', label='OrangeCluster local n°1', uri='http://localhost:8091/pools/', loginAdm='Administrator', passwdAdm='Administrator'}, ClusterDAO{id='localhost2', label='OrangeCluster local n°2', uri='http://localhost:8092/pools/', loginAdm='Administrator', passwdAdm='Administrator'}]

2013-06-02 22:10:58,229 - [DEBUG] - from application in New I/O worker #5 
Sortie du constructeur ClustersDAO() avec comme propriétés : ClustersDAO{clusterDAOList=ClusterDAO{id='localhost', label='OrangeCluster local n°1', uri='http://localhost:8091/pools/', loginAdm='Administrator', passwdAdm='Administrator'},ClusterDAO{id='localhost2', label='OrangeCluster local n°2', uri='http://localhost:8092/pools/', loginAdm='Administrator', passwdAdm='Administrator'}}

2013-06-02 22:10:58,230 - [DEBUG] - from application in New I/O worker #5 
Entreé dans le constructeur : OrangeCluster(id : 'localhost', label : 'OrangeCluster local n°1', uri : 'http://localhost:8091/pools/', loginAdm : 'Administrator', passwdAdm : 'Administrator')

2013-06-02 22:10:58,230 - [DEBUG] - from application in New I/O worker #5 
Entreé dans la méthode : setClusterManager()

2013-06-02 22:10:58,249 - [DEBUG] - from application in New I/O worker #5 
Sortie de la méthode : setClusterManager() avec status = connected

2013-06-02 22:10:58,306 - [DEBUG] - from application in New I/O worker #5 
Entreé dans la méthode : getCouchbaseClient(bucketName beer-sample)

2013-06-02 22:10:58,470 - [DEBUG] - from application in New I/O worker #5 
Sortie de la méthode : getCouchbaseClient() avec status = connected

2013-06-02 22:10:58,478 - [DEBUG] - from application in New I/O worker #5 
Contenu du Design Document : {"language":"javascript","views":{"all_documents":{"map":"function (doc, meta) {\n  emit(meta.id, doc);\n}"}}}

2013-06-02 22:10:58,478 - [DEBUG] - from application in New I/O worker #5 
Entreé dans la méthode : getCouchbaseClient(bucketName default)

2013-06-02 22:10:58,632 - [DEBUG] - from application in New I/O worker #5 
Sortie de la méthode : getCouchbaseClient() avec status = connected

2013-06-02 22:10:58,638 - [DEBUG] - from application in New I/O worker #5 
Contenu du Design Document : {"language":"javascript","views":{"all_keys":{"map":"function (doc, meta) {\n  emit(meta.id, null);\n}"}}}

2013-06-02 22:10:58,639 - [DEBUG] - from application in New I/O worker #5 
Sortie du constructeur : OrangeCluster(String id, String label, String uri, String loginAdm, String passwdAdm) avec comme propriétés : OrangeCluster{bucketMap={default=models.OrangeBucket@d7c40b, beer-sample=models.OrangeBucket@187e2ec}, id='localhost', label='OrangeCluster local n°1', loginAdm='Administrator', passwdAdm='Administrator', status='connected', uriList=[http://localhost:8091/pools/], clusterManager=com.couchbase.client.ClusterManager@4324f3}

2013-06-02 22:10:58,639 - [DEBUG] - from application in New I/O worker #5 
Entreé dans le constructeur : OrangeCluster(id : 'localhost2', label : 'OrangeCluster local n°2', uri : 'http://localhost:8092/pools/', loginAdm : 'Administrator', passwdAdm : 'Administrator')

2013-06-02 22:10:58,639 - [DEBUG] - from application in New I/O worker #5 
Entreé dans la méthode : setClusterManager()

2013-06-02 22:10:58,642 - [ERROR] - from application in New I/O worker #5 
class java.lang.RuntimeException : Http Error: 404 Reason: Object Not Found Details: No reason given

2013-06-02 22:10:58,642 - [DEBUG] - from application in New I/O worker #5 
Sortie de la méthode : setClusterManager() avec status = notConnected

2013-06-02 22:10:58,642 - [DEBUG] - from application in New I/O worker #5 
Sortie du constructeur : OrangeCluster(String id, String label, String uri, String loginAdm, String passwdAdm) avec comme propriétés : OrangeCluster{bucketMap={}, id='localhost2', label='OrangeCluster local n°2', loginAdm='Administrator', passwdAdm='Administrator', status='notConnected', uriList=[http://localhost:8092/pools/], clusterManager=null}

2013-06-02 22:10:58,642 - [DEBUG] - from application in New I/O worker #5 
Sortie du constructeur OrangeClusterManager() avec comme propriétés : OrangeClusterManager{clusterMap={localhost2=OrangeCluster{bucketMap={}, id='localhost2', label='OrangeCluster local n°2', loginAdm='Administrator', passwdAdm='Administrator', status='notConnected', uriList=[http://localhost:8092/pools/], clusterManager=null}, localhost=OrangeCluster{bucketMap={default=models.OrangeBucket@d7c40b, beer-sample=models.OrangeBucket@187e2ec}, id='localhost', label='OrangeCluster local n°1', loginAdm='Administrator', passwdAdm='Administrator', status='connected', uriList=[http://localhost:8091/pools/], clusterManager=com.couchbase.client.ClusterManager@4324f3}}}

2013-06-02 22:10:58,642 - [INFO] - from play in New I/O worker #5 
Application started (Dev)

2013-06-02 22:10:58,663 - [DEBUG] - from application in play-akka.actor.default-dispatcher-32 
OrangeClusterManager{clusterMap={localhost2=OrangeCluster{bucketMap={}, id='localhost2', label='OrangeCluster local n°2', loginAdm='Administrator', passwdAdm='Administrator', status='notConnected', uriList=[http://localhost:8092/pools/], clusterManager=null}, localhost=OrangeCluster{bucketMap={default=models.OrangeBucket@d7c40b, beer-sample=models.OrangeBucket@187e2ec}, id='localhost', label='OrangeCluster local n°1', loginAdm='Administrator', passwdAdm='Administrator', status='connected', uriList=[http://localhost:8091/pools/], clusterManager=com.couchbase.client.ClusterManager@4324f3}}}

2013-06-02 22:11:05,192 - [DEBUG] - from application in play-akka.actor.default-dispatcher-32 
OrangeClusterManager{clusterMap={localhost2=OrangeCluster{bucketMap={}, id='localhost2', label='OrangeCluster local n°2', loginAdm='Administrator', passwdAdm='Administrator', status='notConnected', uriList=[http://localhost:8092/pools/], clusterManager=null}, localhost=OrangeCluster{bucketMap={default=models.OrangeBucket@d7c40b, beer-sample=models.OrangeBucket@187e2ec}, id='localhost', label='OrangeCluster local n°1', loginAdm='Administrator', passwdAdm='Administrator', status='connected', uriList=[http://localhost:8091/pools/], clusterManager=com.couchbase.client.ClusterManager@4324f3}}}

2013-06-02 22:11:07,457 - [DEBUG] - from application in play-akka.actor.default-dispatcher-32 
OrangeClusterManager{clusterMap={localhost2=OrangeCluster{bucketMap={}, id='localhost2', label='OrangeCluster local n°2', loginAdm='Administrator', passwdAdm='Administrator', status='notConnected', uriList=[http://localhost:8092/pools/], clusterManager=null}, localhost=OrangeCluster{bucketMap={default=models.OrangeBucket@d7c40b, beer-sample=models.OrangeBucket@187e2ec}, id='localhost', label='OrangeCluster local n°1', loginAdm='Administrator', passwdAdm='Administrator', status='connected', uriList=[http://localhost:8091/pools/], clusterManager=com.couchbase.client.ClusterManager@4324f3}}}

